SF:lib\models\team_admin_models.dart
DA:2,2
DA:20,1
DA:29,1
DA:30,1
DA:31,1
DA:32,1
DA:33,1
DA:34,1
DA:35,1
DA:36,1
DA:42,2
DA:56,2
DA:86,1
DA:101,1
DA:102,1
DA:103,1
DA:104,1
DA:105,1
DA:106,1
DA:107,1
DA:108,1
DA:109,1
DA:110,1
DA:111,1
DA:112,1
DA:113,1
DA:114,1
DA:120,2
LF:28
LH:28
end_of_record
SF:lib\services\team_admin_repository.dart
DA:11,1
DA:12,0
DA:13,0
DA:21,0
DA:23,1
DA:24,2
DA:25,1
DA:26,2
DA:29,1
DA:33,1
DA:34,1
DA:35,2
DA:37,1
DA:38,2
DA:42,1
DA:43,1
DA:44,1
DA:45,2
DA:46,1
DA:47,1
DA:48,2
DA:50,2
DA:56,1
DA:57,1
DA:62,1
DA:63,1
DA:64,2
DA:69,1
DA:70,2
DA:72,2
DA:75,3
DA:76,1
DA:78,1
DA:83,1
DA:84,1
DA:88,1
DA:94,1
DA:95,1
DA:96,1
DA:97,2
DA:104,2
DA:109,1
DA:110,1
DA:111,2
DA:112,3
DA:113,1
DA:114,1
DA:115,2
DA:117,2
DA:118,1
DA:119,1
DA:120,1
DA:121,1
DA:126,4
DA:127,3
DA:130,1
DA:133,1
DA:137,1
DA:138,2
DA:139,3
DA:140,1
DA:141,1
DA:142,2
DA:144,3
DA:147,4
DA:148,3
DA:151,1
DA:154,1
DA:158,1
DA:159,2
DA:160,3
DA:161,1
DA:162,1
DA:163,2
DA:165,2
DA:168,4
DA:169,1
DA:170,2
DA:174,1
DA:177,1
DA:178,1
DA:179,2
DA:180,3
DA:181,2
DA:184,4
DA:185,1
DA:186,1
DA:187,1
DA:188,1
DA:189,2
DA:191,1
DA:194,1
DA:197,1
DA:198,5
DA:199,4
DA:200,3
DA:203,2
DA:204,1
DA:208,2
DA:211,1
DA:212,5
DA:213,2
DA:216,4
DA:217,3
DA:220,2
DA:221,1
DA:222,2
DA:225,2
DA:228,1
DA:232,1
DA:233,1
DA:234,1
DA:235,1
DA:236,1
DA:237,1
DA:238,1
DA:240,1
DA:241,1
DA:242,1
DA:243,1
DA:244,1
DA:245,1
DA:246,1
DA:249,1
DA:250,1
DA:253,1
DA:254,1
DA:260,1
DA:264,1
DA:265,1
DA:266,1
DA:267,1
DA:269,1
DA:273,1
DA:275,1
DA:278,1
DA:279,1
DA:280,1
DA:281,1
DA:286,1
DA:294,2
DA:297,1
DA:300,1
DA:306,1
DA:307,1
DA:308,1
DA:312,2
DA:315,1
DA:320,1
LF:149
LH:146
end_of_record
SF:lib\app_config.dart
DA:13,0
DA:14,0
DA:15,0
DA:18,0
DA:19,0
DA:20,0
DA:22,0
DA:29,0
DA:30,0
DA:31,0
LF:10
LH:0
end_of_record
