SF:lib\models\records.dart
DA:5,2
DA:19,2
DA:20,2
DA:21,2
DA:22,2
DA:23,2
DA:24,4
DA:25,4
DA:29,2
DA:30,4
DA:33,2
DA:34,2
DA:38,2
DA:39,6
DA:40,2
DA:44,2
DA:47,2
DA:49,2
DA:51,1
LF:19
LH:19
end_of_record
SF:lib\services\mission_out_api.dart
DA:20,1
DA:25,1
DA:27,3
DA:28,1
DA:29,3
DA:31,2
DA:34,0
DA:36,0
DA:37,0
DA:42,1
DA:43,0
DA:44,0
DA:49,0
DA:52,1
DA:57,1
DA:58,1
DA:60,1
DA:61,3
DA:64,4
DA:65,3
DA:66,1
DA:67,3
DA:69,1
DA:71,2
DA:74,1
DA:76,1
DA:77,3
DA:78,1
DA:79,1
DA:80,3
DA:81,1
DA:82,1
DA:83,2
DA:84,2
DA:85,1
DA:86,1
DA:87,2
DA:90,1
DA:93,1
DA:94,1
DA:95,2
DA:96,3
DA:99,1
DA:102,1
DA:108,1
DA:112,2
DA:113,3
DA:115,2
DA:116,1
DA:118,1
DA:119,1
DA:124,1
DA:127,1
DA:131,2
DA:132,3
DA:134,2
DA:135,1
DA:136,1
DA:137,1
DA:138,1
DA:142,1
DA:145,1
DA:146,3
DA:147,2
DA:148,4
DA:149,3
DA:152,2
DA:153,1
DA:154,2
DA:157,1
DA:158,2
DA:159,1
DA:160,2
DA:164,2
DA:167,1
DA:172,1
DA:174,1
DA:179,1
DA:180,4
DA:181,3
DA:184,2
DA:185,1
DA:186,1
DA:189,2
LF:84
LH:78
end_of_record
SF:lib\app_config.dart
DA:13,0
DA:14,0
DA:15,0
DA:18,0
DA:19,0
DA:20,0
DA:22,0
DA:29,0
DA:30,0
DA:31,0
LF:10
LH:0
end_of_record
SF:lib\models\dashboard_snapshot.dart
DA:6,1
LF:1
LH:1
end_of_record
SF:lib\screens\logged_out_screen.dart
DA:9,1
DA:27,1
DA:28,1
DA:40,1
DA:42,2
DA:43,2
DA:44,1
DA:47,1
DA:49,1
DA:50,1
DA:51,1
DA:52,1
DA:53,1
DA:54,1
DA:56,1
DA:58,1
DA:59,1
DA:60,1
DA:61,1
DA:62,1
DA:63,1
DA:64,1
DA:65,2
DA:66,2
DA:67,1
DA:68,1
DA:69,2
DA:80,0
DA:81,0
DA:82,0
DA:84,0
DA:85,0
DA:86,0
DA:87,0
DA:90,0
DA:92,0
DA:93,0
DA:94,0
DA:99,0
DA:100,0
DA:101,0
DA:102,0
DA:108,0
DA:109,0
DA:113,0
DA:114,0
DA:117,0
DA:118,0
DA:119,0
DA:120,0
DA:123,0
DA:126,0
DA:127,0
DA:128,0
DA:133,0
DA:134,0
DA:135,0
DA:136,0
DA:137,0
DA:141,0
DA:143,0
DA:146,0
DA:147,0
DA:148,0
DA:153,0
DA:154,0
DA:160,1
DA:186,1
DA:188,1
DA:190,1
DA:193,1
DA:199,1
DA:200,1
DA:208,1
DA:233,1
DA:234,1
DA:236,1
DA:244,1
DA:254,0
DA:255,0
DA:263,1
DA:265,0
DA:268,0
DA:269,0
DA:270,0
DA:271,0
DA:272,0
DA:275,0
DA:276,0
DA:284,1
DA:285,1
DA:287,1
DA:288,2
DA:289,1
DA:290,1
DA:291,0
DA:292,1
DA:298,1
DA:299,1
DA:300,0
DA:302,1
DA:304,1
DA:305,3
DA:307,1
DA:309,1
DA:310,1
LF:106
LH:55
end_of_record
SF:lib\widgets\common_widgets.dart
DA:6,0
DA:11,0
DA:13,0
DA:15,0
DA:16,0
DA:17,0
DA:18,0
DA:20,0
DA:22,0
DA:23,0
DA:26,0
DA:29,0
DA:30,0
DA:31,0
DA:32,0
DA:44,0
DA:49,0
DA:51,0
DA:52,0
DA:54,0
DA:55,0
DA:56,0
DA:62,0
DA:70,0
DA:75,0
DA:77,0
DA:79,0
DA:81,0
DA:82,0
DA:84,0
DA:86,0
DA:87,0
DA:88,0
DA:97,0
DA:98,0
DA:111,1
DA:115,1
DA:117,1
DA:118,2
DA:130,1
DA:139,1
DA:141,1
DA:142,1
DA:143,1
DA:144,1
DA:145,1
DA:146,1
DA:147,1
DA:148,1
DA:154,3
DA:160,0
DA:165,0
DA:167,0
DA:169,0
DA:170,0
DA:171,0
DA:172,0
DA:174,0
DA:176,0
DA:177,0
DA:179,0
DA:180,0
DA:181,0
LF:63
LH:15
end_of_record
