SF:lib\models\open_tab_event.dart
DA:4,1
DA:18,3
DA:20,1
DA:24,1
DA:25,1
DA:31,1
DA:33,1
DA:34,1
DA:35,1
DA:36,2
LF:10
LH:10
end_of_record
SF:lib\services\responder_api.dart
DA:10,1
DA:11,0
DA:12,0
DA:17,0
DA:19,1
DA:23,2
DA:24,3
DA:25,1
DA:28,4
DA:29,3
DA:32,2
DA:33,1
DA:34,1
DA:38,1
DA:39,1
DA:40,1
DA:41,1
DA:43,1
DA:46,1
DA:52,2
DA:53,3
DA:54,1
DA:55,1
DA:56,1
DA:58,3
DA:61,4
DA:62,1
DA:63,2
DA:67,2
DA:68,1
DA:69,1
DA:70,1
DA:73,1
DA:76,1
DA:84,2
DA:85,3
DA:86,1
DA:87,1
DA:88,1
DA:90,2
DA:91,1
DA:92,1
DA:93,2
DA:94,1
DA:95,1
DA:99,4
DA:100,1
DA:101,2
DA:106,1
DA:110,2
DA:111,3
DA:112,1
DA:113,1
DA:114,1
DA:116,2
DA:119,4
DA:120,1
DA:121,2
DA:126,1
DA:127,1
DA:128,1
DA:132,2
LF:62
LH:59
end_of_record
SF:lib\app_config.dart
DA:8,0
DA:9,0
DA:10,0
LF:3
LH:0
end_of_record
SF:lib\models\incident.dart
DA:4,2
DA:14,3
DA:15,3
DA:16,3
DA:17,6
DA:18,3
DA:19,3
DA:20,3
DA:21,3
DA:22,6
DA:24,4
DA:26,2
DA:32,4
DA:33,4
DA:34,2
DA:39,2
DA:46,2
DA:50,2
DA:51,2
DA:55,1
DA:56,1
DA:58,3
DA:59,3
DA:60,1
DA:63,1
DA:67,1
DA:70,1
DA:71,2
DA:72,1
LF:29
LH:29
end_of_record
