SF:lib\src\delivery_event.dart
DA:2,1
DA:16,1
DA:17,1
DA:18,1
DA:19,1
DA:20,2
DA:21,1
DA:22,1
LF:8
LH:8
end_of_record
SF:lib\src\email_validator.dart
DA:4,0
DA:6,3
DA:11,3
DA:14,1
DA:15,1
DA:16,1
DA:19,1
LF:7
LH:6
end_of_record
SF:lib\src\incident.dart
DA:4,1
DA:26,0
DA:37,0
DA:38,0
DA:39,0
DA:40,0
DA:41,0
DA:42,0
DA:43,0
DA:44,0
DA:45,0
DA:46,0
DA:50,1
DA:51,1
DA:52,1
DA:53,1
DA:54,1
DA:56,1
DA:57,1
DA:58,1
DA:59,1
DA:60,1
DA:61,2
DA:62,1
DA:64,1
DA:65,1
DA:71,1
DA:83,1
DA:84,2
DA:85,1
DA:86,1
DA:88,1
DA:89,2
DA:94,0
DA:96,0
DA:98,0
DA:100,0
DA:101,0
LF:38
LH:22
end_of_record
SF:lib\src\incident_draft.dart
DA:2,0
DA:14,0
LF:2
LH:0
end_of_record
SF:lib\src\mission_timestamp.dart
DA:16,1
DA:25,1
DA:26,1
DA:27,1
DA:29,1
DA:33,1
DA:34,1
DA:37,3
DA:38,5
DA:41,6
DA:44,1
DA:45,2
DA:48,2
DA:49,1
DA:50,2
DA:52,0
DA:53,0
DA:54,0
DA:56,0
DA:57,0
LF:20
LH:15
end_of_record
SF:lib\src\name_validator.dart
DA:5,0
DA:7,3
DA:12,3
DA:15,1
DA:16,1
DA:17,1
DA:20,1
LF:7
LH:6
end_of_record
SF:lib\src\phone_validator.dart
DA:10,0
DA:12,3
DA:14,1
DA:16,1
DA:17,1
DA:19,1
DA:28,1
DA:29,1
DA:33,4
DA:37,1
DA:38,1
DA:39,1
DA:42,1
DA:50,1
DA:51,1
DA:52,1
DA:55,1
LF:17
LH:16
end_of_record
SF:lib\src\response_status.dart
DA:10,2
DA:14,4
DA:15,4
LF:3
LH:3
end_of_record
